<?xml version="1.0" encoding="UTF-8"?>
<robot generator="Robot 3.2.2 (Python 3.9.2 on win32)" generated="20210406 13:49:53.917" rpa="false">
<suite id="s1" name="TestPracticeForm" source="C:\Users\RAlexandru\Documents\Proiecte Eclipse\TestPracticeForm">
<suite id="s1-s1" name="Test Practice Form" source="C:\Users\RAlexandru\Documents\Proiecte Eclipse\TestPracticeForm\test_practice_form.robot">
<test id="s1-s1-t1" name="TestPracticeForm">
<kw name="Open Browser Page">
<kw name="Open Browser" library="SeleniumLibrary">
<doc>Opens a new browser instance to the optional ``url``.</doc>
<arguments>
<arg>${url}</arg>
<arg>${browser}</arg>
</arguments>
<msg timestamp="20210406 13:49:54.130" level="INFO">Opening browser 'chrome' to base url 'https://demoqa.com/automation-practice-form'.</msg>
<status status="PASS" starttime="20210406 13:49:54.130" endtime="20210406 13:49:57.002"></status>
</kw>
<kw name="Set Window Position" library="SeleniumLibrary">
<doc>Sets window position using ``x`` and ``y`` coordinates.</doc>
<arguments>
<arg>${2000}</arg>
<arg>${0}</arg>
</arguments>
<status status="PASS" starttime="20210406 13:49:57.003" endtime="20210406 13:49:57.132"></status>
</kw>
<kw name="Maximize Browser Window" library="SeleniumLibrary">
<doc>Maximizes current browser window.</doc>
<status status="PASS" starttime="20210406 13:49:57.132" endtime="20210406 13:49:57.260"></status>
</kw>
<status status="PASS" starttime="20210406 13:49:54.129" endtime="20210406 13:49:57.260"></status>
</kw>
<kw name="Retrieve Text Boxes" library="practice_form.PracticeForm">
<msg timestamp="20210406 13:49:57.336" level="INFO">{'First Name': "//input[@type='text'][@id='firstName']", 'Last Name': "//input[@type='text'][@id='lastName']", 'Email': "//input[@type='text'][@id='userEmail']", 'Mobile Number': "//input[@type='text'][@id='userNumber']", 'Current Address': "//textarea[@id='currentAddress']"}</msg>
<status status="PASS" starttime="20210406 13:49:57.261" endtime="20210406 13:49:57.336"></status>
</kw>
<kw name="Insert Dob" library="practice_form.PracticeForm">
<arguments>
<arg>${date_dict}</arg>
</arguments>
<status status="PASS" starttime="20210406 13:49:57.336" endtime="20210406 13:49:57.626"></status>
</kw>
<kw name="Retrieve Checkboxes" library="practice_form.PracticeForm">
<arguments>
<arg>${hobbies}</arg>
</arguments>
<status status="PASS" starttime="20210406 13:49:57.627" endtime="20210406 13:49:57.782"></status>
</kw>
<kw name="Gender Selection" library="practice_form.PracticeForm">
<arguments>
<arg>${gender}</arg>
</arguments>
<status status="PASS" starttime="20210406 13:49:57.782" endtime="20210406 13:49:57.860"></status>
</kw>
<kw name="Fill Textboxes" library="practice_form.PracticeForm">
<arguments>
<arg>${text_boxes}</arg>
</arguments>
<status status="PASS" starttime="20210406 13:49:57.860" endtime="20210406 13:49:58.215"></status>
</kw>
<kw name="Select State" library="practice_form.PracticeForm">
<arguments>
<arg>${state}</arg>
</arguments>
<status status="PASS" starttime="20210406 13:49:58.215" endtime="20210406 13:49:58.351"></status>
</kw>
<kw name="Select City" library="practice_form.PracticeForm">
<arguments>
<arg>${city}</arg>
</arguments>
<status status="PASS" starttime="20210406 13:49:58.351" endtime="20210406 13:49:58.459"></status>
</kw>
<kw name="Input Subjects" library="practice_form.PracticeForm">
<arguments>
<arg>${subjects}</arg>
</arguments>
<status status="PASS" starttime="20210406 13:49:58.459" endtime="20210406 13:49:58.707"></status>
</kw>
<kw name="Sleep" library="BuiltIn">
<doc>Pauses the test executed for the given time.</doc>
<arguments>
<arg>3</arg>
</arguments>
<msg timestamp="20210406 13:50:01.715" level="INFO">Slept 3 seconds</msg>
<status status="PASS" starttime="20210406 13:49:58.707" endtime="20210406 13:50:01.716"></status>
</kw>
<kw name="Submit Close" library="practice_form.PracticeForm">
<status status="PASS" starttime="20210406 13:50:01.717" endtime="20210406 13:50:06.822"></status>
</kw>
<kw name="Close Browser" library="SeleniumLibrary">
<doc>Closes the current browser.</doc>
<status status="PASS" starttime="20210406 13:50:06.823" endtime="20210406 13:50:08.958"></status>
</kw>
<status status="PASS" starttime="20210406 13:49:54.129" endtime="20210406 13:50:08.960" critical="yes"></status>
</test>
<status status="PASS" starttime="20210406 13:49:53.965" endtime="20210406 13:50:08.962"></status>
</suite>
<status status="PASS" starttime="20210406 13:49:53.947" endtime="20210406 13:50:08.964"></status>
</suite>
<statistics>
<total>
<stat pass="1" fail="0">Critical Tests</stat>
<stat pass="1" fail="0">All Tests</stat>
</total>
<tag>
</tag>
<suite>
<stat pass="1" fail="0" id="s1" name="TestPracticeForm">TestPracticeForm</stat>
<stat pass="1" fail="0" id="s1-s1" name="Test Practice Form">TestPracticeForm.Test Practice Form</stat>
</suite>
</statistics>
<errors>
</errors>
</robot>
