<?xml version="1.0" encoding="UTF-8"?>
<robot generator="Robot 3.2.2 (Python 3.9.2 on win32)" generated="20210405 17:18:58.323" rpa="false">
<suite id="s1" name="TestPracticeForm" source="C:\Users\RAlexandru\Documents\Proiecte Eclipse\TestPracticeForm">
<suite id="s1-s1" name="Test Practice Form" source="C:\Users\RAlexandru\Documents\Proiecte Eclipse\TestPracticeForm\test_practice_form.robot">
<test id="s1-s1-t1" name="TestPracticeForm">
<kw name="Open Browser Page">
<kw name="Open Browser" library="SeleniumLibrary">
<doc>Opens a new browser instance to the optional ``url``.</doc>
<arguments>
<arg>${url}</arg>
<arg>${browser}</arg>
</arguments>
<msg timestamp="20210405 17:18:58.864" level="INFO">Opening browser 'chrome' to base url 'https://demoqa.com/automation-practice-form'.</msg>
<status status="PASS" starttime="20210405 17:18:58.863" endtime="20210405 17:19:02.485"></status>
</kw>
<kw name="Set Window Position" library="SeleniumLibrary">
<doc>Sets window position using ``x`` and ``y`` coordinates.</doc>
<arguments>
<arg>${2000}</arg>
<arg>${0}</arg>
</arguments>
<status status="PASS" starttime="20210405 17:19:02.487" endtime="20210405 17:19:02.639"></status>
</kw>
<kw name="Maximize Browser Window" library="SeleniumLibrary">
<doc>Maximizes current browser window.</doc>
<status status="PASS" starttime="20210405 17:19:02.640" endtime="20210405 17:19:02.779"></status>
</kw>
<status status="PASS" starttime="20210405 17:18:58.862" endtime="20210405 17:19:02.780"></status>
</kw>
<kw name="Retrieve Text Boxes" library="practice_form.PracticeForm">
<msg timestamp="20210405 17:19:02.966" level="INFO">{'First Name': "//input[@type='text'][@id='firstName']", 'Last Name': "//input[@type='text'][@id='lastName']", 'Email': "//input[@type='text'][@id='userEmail']", 'Mobile Number': "//input[@type='text'][@id='userNumber']", 'Current Address': "//textarea[@id='currentAddress']"}</msg>
<status status="PASS" starttime="20210405 17:19:02.781" endtime="20210405 17:19:02.967"></status>
</kw>
<kw name="Insert Dob" library="practice_form.PracticeForm">
<arguments>
<arg>${date_dict}</arg>
</arguments>
<status status="PASS" starttime="20210405 17:19:02.968" endtime="20210405 17:19:03.553"></status>
</kw>
<kw name="Retrieve Checkboxes" library="practice_form.PracticeForm">
<arguments>
<arg>${hobbies}</arg>
</arguments>
<status status="PASS" starttime="20210405 17:19:03.554" endtime="20210405 17:19:04.028"></status>
</kw>
<kw name="Gender Selection" library="practice_form.PracticeForm">
<arguments>
<arg>${gender}</arg>
</arguments>
<status status="PASS" starttime="20210405 17:19:04.029" endtime="20210405 17:19:04.295"></status>
</kw>
<kw name="Fill Textboxes" library="practice_form.PracticeForm">
<arguments>
<arg>${text_boxes}</arg>
</arguments>
<status status="PASS" starttime="20210405 17:19:04.297" endtime="20210405 17:19:05.273"></status>
</kw>
<kw name="Select State" library="practice_form.PracticeForm">
<arguments>
<arg>${state}</arg>
</arguments>
<status status="PASS" starttime="20210405 17:19:05.274" endtime="20210405 17:19:05.511"></status>
</kw>
<kw name="Select City" library="practice_form.PracticeForm">
<arguments>
<arg>${city}</arg>
</arguments>
<status status="PASS" starttime="20210405 17:19:05.512" endtime="20210405 17:19:05.749"></status>
</kw>
<kw name="Input Subjects" library="practice_form.PracticeForm">
<arguments>
<arg>${subjects}</arg>
</arguments>
<status status="PASS" starttime="20210405 17:19:05.750" endtime="20210405 17:19:06.219"></status>
</kw>
<kw name="Sleep" library="BuiltIn">
<doc>Pauses the test executed for the given time.</doc>
<arguments>
<arg>3</arg>
</arguments>
<msg timestamp="20210405 17:19:09.233" level="INFO">Slept 3 seconds</msg>
<status status="PASS" starttime="20210405 17:19:06.219" endtime="20210405 17:19:09.233"></status>
</kw>
<kw name="Submit Close" library="practice_form.PracticeForm">
<status status="PASS" starttime="20210405 17:19:09.234" endtime="20210405 17:19:14.465"></status>
</kw>
<kw name="Close Browser" library="SeleniumLibrary">
<doc>Closes the current browser.</doc>
<status status="PASS" starttime="20210405 17:19:14.466" endtime="20210405 17:19:16.693"></status>
</kw>
<status status="PASS" starttime="20210405 17:18:58.861" endtime="20210405 17:19:16.695" critical="yes"></status>
</test>
<status status="PASS" starttime="20210405 17:18:58.407" endtime="20210405 17:19:16.697"></status>
</suite>
<status status="PASS" starttime="20210405 17:18:58.370" endtime="20210405 17:19:16.703"></status>
</suite>
<statistics>
<total>
<stat pass="1" fail="0">Critical Tests</stat>
<stat pass="1" fail="0">All Tests</stat>
</total>
<tag>
</tag>
<suite>
<stat pass="1" fail="0" id="s1" name="TestPracticeForm">TestPracticeForm</stat>
<stat pass="1" fail="0" id="s1-s1" name="Test Practice Form">TestPracticeForm.Test Practice Form</stat>
</suite>
</statistics>
<errors>
</errors>
</robot>
